2021-02-13 18:17:53,738 [http-nio-8080-exec-3] INFO  (CarMgmtController.java:26) - fetch all cars from warehouse
2021-02-13 18:31:43,084 [main] INFO  (DemoApplication.java:38) - Mock data persist operation has been started...
2021-02-13 18:31:43,167 [main] INFO  (DemoApplication.java:74) - Mock data persist operation has been completed
2021-02-13 18:32:21,611 [main] INFO  (DemoApplication.java:38) - Mock data persist operation has been started...
2021-02-13 18:32:21,612 [main] INFO  (DemoApplication.java:74) - Mock data persist operation has been completed
2021-02-13 18:32:23,793 [http-nio-8080-exec-2] INFO  (CarMgmtController.java:26) - fetch all cars from warehouse
2021-02-13 18:32:24,118 [http-nio-8080-exec-2] ERROR (StandardException.java:31) - Error Response From Service ErrorResponse(errorMessage=, localDateTime=2021-02-13T18:32:24.117)
2021-02-13 18:33:53,384 [main] INFO  (DemoApplication.java:38) - Mock data persist operation has been started...
2021-02-13 18:33:53,387 [main] INFO  (DemoApplication.java:74) - Mock data persist operation has been completed
2021-02-13 18:33:56,335 [http-nio-8080-exec-1] INFO  (CarMgmtController.java:26) - fetch all cars from warehouse
2021-02-13 18:33:56,336 [http-nio-8080-exec-1] INFO  (CarsManagementServices.java:30) - fetch records from database....
2021-02-13 18:33:56,677 [http-nio-8080-exec-1] ERROR (StandardException.java:22) - Error Response From Service ErrorResponse(errorMessage=No Record Found!, localDateTime=2021-02-13T18:33:56.676)
2021-02-13 18:39:36,617 [main] INFO  (DemoApplication.java:38) - Mock data persist operation has been started...
2021-02-13 18:39:36,702 [main] INFO  (DemoApplication.java:74) - Mock data persist operation has been completed
2021-02-13 18:42:39,657 [http-nio-8080-exec-4] INFO  (CarMgmtController.java:34) - save cars into warehouse
2021-02-13 18:42:39,682 [http-nio-8080-exec-4] INFO  (CarsManagementServices.java:36) - save records into database....
2021-02-13 18:42:49,921 [http-nio-8080-exec-5] INFO  (CarMgmtController.java:26) - fetch all cars from warehouse
2021-02-13 18:42:49,922 [http-nio-8080-exec-5] INFO  (CarsManagementServices.java:26) - fetch records from database....
2021-02-13 18:58:23,980 [main] INFO  (DemoApplication.java:29) - Mock data persist operation has been started...
2021-02-13 18:58:24,069 [main] INFO  (DemoApplication.java:65) - Mock data persist operation has been completed
2021-02-13 18:58:53,399 [http-nio-8080-exec-2] INFO  (CarMgmtController.java:43) - save cars into warehouse
2021-02-13 18:58:53,400 [http-nio-8080-exec-2] INFO  (CarsManagementServices.java:34) - save records into database....
2021-02-13 18:59:00,899 [http-nio-8080-exec-3] INFO  (CarMgmtController.java:43) - save cars into warehouse
2021-02-13 18:59:00,919 [http-nio-8080-exec-3] INFO  (CarsManagementServices.java:34) - save records into database....
2021-02-13 18:59:04,151 [http-nio-8080-exec-4] INFO  (CarMgmtController.java:30) - fetch all cars from warehouse
2021-02-13 18:59:04,175 [http-nio-8080-exec-4] INFO  (CarsManagementServices.java:24) - fetch records from database....
2021-02-13 20:06:40,321 [main] INFO  (DemoApplication.java:29) - Mock data persist operation has been started...
2021-02-13 20:06:40,406 [main] INFO  (DemoApplication.java:65) - Mock data persist operation has been completed
2021-02-13 20:10:23,999 [main] INFO  (DemoApplication.java:29) - Mock data persist operation has been started...
2021-02-13 20:10:24,091 [main] INFO  (DemoApplication.java:65) - Mock data persist operation has been completed
2021-02-13 20:10:24,307 [http-nio-auto-1-exec-1] INFO  (CarMgmtController.java:28) - fetch all cars from warehouse
2021-02-13 20:10:24,307 [http-nio-auto-1-exec-1] INFO  (CarsManagementServices.java:23) - fetch records from database....
2021-02-13 20:10:56,849 [main] INFO  (DemoApplication.java:29) - Mock data persist operation has been started...
2021-02-13 20:10:56,951 [main] INFO  (DemoApplication.java:65) - Mock data persist operation has been completed
2021-02-13 20:10:57,142 [http-nio-auto-1-exec-1] INFO  (CarMgmtController.java:28) - fetch all cars from warehouse
2021-02-13 20:10:57,142 [http-nio-auto-1-exec-1] INFO  (CarsManagementServices.java:23) - fetch records from database....
2021-02-13 20:13:48,759 [main] INFO  (DemoApplication.java:29) - Mock data persist operation has been started...
2021-02-13 20:13:48,856 [main] INFO  (DemoApplication.java:65) - Mock data persist operation has been completed
2021-02-13 20:14:05,918 [main] INFO  (DemoApplication.java:29) - Mock data persist operation has been started...
2021-02-13 20:14:06,003 [main] INFO  (DemoApplication.java:65) - Mock data persist operation has been completed
2021-02-13 20:14:06,333 [http-nio-auto-1-exec-2] INFO  (CarMgmtController.java:28) - fetch all cars from warehouse
2021-02-13 20:14:06,334 [http-nio-auto-1-exec-2] INFO  (CarsManagementServices.java:23) - fetch records from database....
